0:0:0:0:0:0:0:1 - - [01/Oct/2018:10:53:21 +0800] "GET /testPro/index.html HTTP/1.1" 404 202 "-" "Mozilla/5.0 (Windows NT 10.0; Win64; x64) AppleWebKit/537.36 (KHTML, like Gecko) Chrome/69.0.3497.81 Safari/537.36"
0:0:0:0:0:0:0:1 - - [01/Oct/2018:10:53:21 +0800] "GET /favicon.ico HTTP/1.1" 404 195 "http://localhost:8080/testPro/index.html" "Mozilla/5.0 (Windows NT 10.0; Win64; x64) AppleWebKit/537.36 (KHTML, like Gecko) Chrome/69.0.3497.81 Safari/537.36"
0:0:0:0:0:0:0:1 - - [01/Oct/2018:10:54:27 +0800] "GET /testProj/index.html HTTP/1.1" 200 458 "-" "Mozilla/5.0 (Windows NT 10.0; Win64; x64) AppleWebKit/537.36 (KHTML, like Gecko) Chrome/69.0.3497.81 Safari/537.36"
0:0:0:0:0:0:0:1 - - [01/Oct/2018:10:54:30 +0800] "GET /testProj/index.html HTTP/1.1" 304 - "-" "Mozilla/5.0 (Windows NT 10.0; Win64; x64) AppleWebKit/537.36 (KHTML, like Gecko) Chrome/69.0.3497.81 Safari/537.36"
0:0:0:0:0:0:0:1 - - [01/Oct/2018:10:54:35 +0800] "GET /testProj/sample.jssp HTTP/1.1" 200 17938 "http://localhost:8080/testProj/index.html" "Mozilla/5.0 (Windows NT 10.0; Win64; x64) AppleWebKit/537.36 (KHTML, like Gecko) Chrome/69.0.3497.81 Safari/537.36"
0:0:0:0:0:0:0:1 - - [01/Oct/2018:12:00:09 +0800] "GET /testProj/index.html HTTP/1.1" 200 458 "-" "Mozilla/5.0 (Windows NT 6.1; WOW64) AppleWebKit/537.36 (KHTML, like Gecko) Chrome/68.0.3440.106 Safari/537.36"
0:0:0:0:0:0:0:1 - - [01/Oct/2018:12:00:10 +0800] "GET /favicon.ico HTTP/1.1" 404 195 "http://localhost:8080/testProj/index.html" "Mozilla/5.0 (Windows NT 6.1; WOW64) AppleWebKit/537.36 (KHTML, like Gecko) Chrome/68.0.3440.106 Safari/537.36"
0:0:0:0:0:0:0:1 - - [01/Oct/2018:12:15:29 +0800] "GET /testProj/sample.jssp HTTP/1.1" 200 17938 "http://localhost:8080/testProj/index.html" "Mozilla/5.0 (Windows NT 6.1; WOW64) AppleWebKit/537.36 (KHTML, like Gecko) Chrome/68.0.3440.106 Safari/537.36"
0:0:0:0:0:0:0:1 - - [01/Oct/2018:12:58:45 +0800] "GET /eslint-config-imart/index.html HTTP/1.1" 404 214 "-" "Mozilla/5.0 (Windows NT 6.1; WOW64) AppleWebKit/537.36 (KHTML, like Gecko) Chrome/68.0.3440.106 Safari/537.36"
0:0:0:0:0:0:0:1 - - [01/Oct/2018:12:58:52 +0800] "GET /eslint-config-imart/index.jsp HTTP/1.1" 404 213 "-" "Mozilla/5.0 (Windows NT 6.1; WOW64) AppleWebKit/537.36 (KHTML, like Gecko) Chrome/68.0.3440.106 Safari/537.36"
0:0:0:0:0:0:0:1 - - [01/Oct/2018:12:59:22 +0800] "GET /eslint-config-imart/index.js HTTP/1.1" 200 849 "-" "Mozilla/5.0 (Windows NT 6.1; WOW64) AppleWebKit/537.36 (KHTML, like Gecko) Chrome/68.0.3440.106 Safari/537.36"
0:0:0:0:0:0:0:1 - - [01/Oct/2018:13:00:19 +0800] "GET /eslint-config-imart/index.js HTTP/1.1" 304 - "-" "Mozilla/5.0 (Windows NT 6.1; WOW64) AppleWebKit/537.36 (KHTML, like Gecko) Chrome/68.0.3440.106 Safari/537.36"
0:0:0:0:0:0:0:1 - - [01/Oct/2018:13:00:30 +0800] "GET /eslint-config-imart/index.jsp HTTP/1.1" 404 213 "-" "Mozilla/5.0 (Windows NT 6.1; WOW64) AppleWebKit/537.36 (KHTML, like Gecko) Chrome/68.0.3440.106 Safari/537.36"
0:0:0:0:0:0:0:1 - - [01/Oct/2018:13:00:44 +0800] "GET /eslint-config-imart HTTP/1.1" 302 80 "-" "Mozilla/5.0 (Windows NT 6.1; WOW64) AppleWebKit/537.36 (KHTML, like Gecko) Chrome/68.0.3440.106 Safari/537.36"
0:0:0:0:0:0:0:1 - - [01/Oct/2018:13:00:44 +0800] "GET /eslint-config-imart/ HTTP/1.1" 404 204 "-" "Mozilla/5.0 (Windows NT 6.1; WOW64) AppleWebKit/537.36 (KHTML, like Gecko) Chrome/68.0.3440.106 Safari/537.36"
0:0:0:0:0:0:0:1 - - [01/Oct/2018:13:00:48 +0800] "GET /eslint-config-imart/index HTTP/1.1" 404 209 "-" "Mozilla/5.0 (Windows NT 6.1; WOW64) AppleWebKit/537.36 (KHTML, like Gecko) Chrome/68.0.3440.106 Safari/537.36"
0:0:0:0:0:0:0:1 - - [01/Oct/2018:16:27:20 +0800] "GET /intra-mart/index.jsp HTTP/1.1" 404 204 "-" "Mozilla/5.0 (Windows NT 6.1; WOW64) AppleWebKit/537.36 (KHTML, like Gecko) Chrome/68.0.3440.106 Safari/537.36"
0:0:0:0:0:0:0:1 - - [01/Oct/2018:16:28:22 +0800] "GET /intra-mart/TestParent.jsp HTTP/1.1" 404 209 "-" "Mozilla/5.0 (Windows NT 6.1; WOW64) AppleWebKit/537.36 (KHTML, like Gecko) Chrome/68.0.3440.106 Safari/537.36"
0:0:0:0:0:0:0:1 - - [01/Oct/2018:16:31:30 +0800] "GET /intra-mart/WEB-INF/views/TestParent.jsp HTTP/1.1" 404 223 "-" "Mozilla/5.0 (Windows NT 6.1; WOW64) AppleWebKit/537.36 (KHTML, like Gecko) Chrome/68.0.3440.106 Safari/537.36"
0:0:0:0:0:0:0:1 - - [01/Oct/2018:16:31:38 +0800] "GET /intra-mart/views/TestParent.jsp HTTP/1.1" 404 215 "-" "Mozilla/5.0 (Windows NT 6.1; WOW64) AppleWebKit/537.36 (KHTML, like Gecko) Chrome/68.0.3440.106 Safari/537.36"
0:0:0:0:0:0:0:1 - - [01/Oct/2018:16:31:54 +0800] "GET /intra-mart/ HTTP/1.1" 404 195 "-" "Mozilla/5.0 (Windows NT 6.1; WOW64) AppleWebKit/537.36 (KHTML, like Gecko) Chrome/68.0.3440.106 Safari/537.36"
0:0:0:0:0:0:0:1 - - [01/Oct/2018:16:31:57 +0800] "GET /intra-mart HTTP/1.1" 302 71 "-" "Mozilla/5.0 (Windows NT 6.1; WOW64) AppleWebKit/537.36 (KHTML, like Gecko) Chrome/68.0.3440.106 Safari/537.36"
0:0:0:0:0:0:0:1 - - [01/Oct/2018:16:31:57 +0800] "GET /intra-mart/ HTTP/1.1" 404 195 "-" "Mozilla/5.0 (Windows NT 6.1; WOW64) AppleWebKit/537.36 (KHTML, like Gecko) Chrome/68.0.3440.106 Safari/537.36"
0:0:0:0:0:0:0:1 - - [01/Oct/2018:16:33:13 +0800] "GET /intra-mart/intra-mart/src/main/webapp/WEB-INF/views HTTP/1.1" 404 235 "-" "Mozilla/5.0 (Windows NT 6.1; WOW64) AppleWebKit/537.36 (KHTML, like Gecko) Chrome/68.0.3440.106 Safari/537.36"
0:0:0:0:0:0:0:1 - - [01/Oct/2018:16:33:43 +0800] "GET /intra-mart/intra-mart/src/main/webapp/WEB-INF/views/TestParent.jsp HTTP/1.1" 404 250 "-" "Mozilla/5.0 (Windows NT 6.1; WOW64) AppleWebKit/537.36 (KHTML, like Gecko) Chrome/68.0.3440.106 Safari/537.36"
0:0:0:0:0:0:0:1 - - [01/Oct/2018:16:51:00 +0800] "GET /SSJS-Profiler/ HTTP/1.1" 404 198 "-" "Mozilla/5.0 (Windows NT 6.1; WOW64) AppleWebKit/537.36 (KHTML, like Gecko) Chrome/68.0.3440.106 Safari/537.36"
0:0:0:0:0:0:0:1 - - [01/Oct/2018:17:00:29 +0800] "GET /martech.intrawest.com/index.jsp HTTP/1.1" 404 215 "-" "Mozilla/5.0 (Windows NT 6.1; WOW64) AppleWebKit/537.36 (KHTML, like Gecko) Chrome/68.0.3440.106 Safari/537.36"
0:0:0:0:0:0:0:1 - - [01/Oct/2018:17:00:32 +0800] "GET /martech.intrawest.com/index.html HTTP/1.1" 200 347 "-" "Mozilla/5.0 (Windows NT 6.1; WOW64) AppleWebKit/537.36 (KHTML, like Gecko) Chrome/68.0.3440.106 Safari/537.36"
0:0:0:0:0:0:0:1 - - [01/Oct/2018:17:01:25 +0800] "GET /martech.intrawest.com/%7B%7B%20post.url%20%7D%7D HTTP/1.1" 404 232 "http://localhost:8080/martech.intrawest.com/index.html" "Mozilla/5.0 (Windows NT 6.1; WOW64) AppleWebKit/537.36 (KHTML, like Gecko) Chrome/68.0.3440.106 Safari/537.36"
0:0:0:0:0:0:0:1 - - [01/Oct/2018:17:02:33 +0800] "GET /martech.intrawest.com/%7B%7B%20post.url%20%7D%7D HTTP/1.1" 404 232 "http://localhost:8080/martech.intrawest.com/index.html" "Mozilla/5.0 (Windows NT 6.1; WOW64) AppleWebKit/537.36 (KHTML, like Gecko) Chrome/68.0.3440.106 Safari/537.36"
0:0:0:0:0:0:0:1 - - [01/Oct/2018:17:04:03 +0800] "GET /martech.intrawest.com/index.html HTTP/1.1" 304 - "-" "Mozilla/5.0 (Windows NT 6.1; WOW64) AppleWebKit/537.36 (KHTML, like Gecko) Chrome/68.0.3440.106 Safari/537.36"
0:0:0:0:0:0:0:1 - - [01/Oct/2018:17:04:05 +0800] "GET /martech.intrawest.com/%7B%7B%20post.url%20%7D%7D HTTP/1.1" 404 232 "http://localhost:8080/martech.intrawest.com/index.html" "Mozilla/5.0 (Windows NT 6.1; WOW64) AppleWebKit/537.36 (KHTML, like Gecko) Chrome/68.0.3440.106 Safari/537.36"
0:0:0:0:0:0:0:1 - - [01/Oct/2018:17:04:10 +0800] "GET /martech.intrawest.com/%7B%7B%20post.url%20%7D%7D HTTP/1.1" 404 232 "http://localhost:8080/martech.intrawest.com/index.html" "Mozilla/5.0 (Windows NT 6.1; WOW64) AppleWebKit/537.36 (KHTML, like Gecko) Chrome/68.0.3440.106 Safari/537.36"
0:0:0:0:0:0:0:1 - - [01/Oct/2018:17:08:20 +0800] "GET /hello_jssp_rpc_main HTTP/1.1" 404 203 "-" "Mozilla/5.0 (Windows NT 6.1; WOW64) AppleWebKit/537.36 (KHTML, like Gecko) Chrome/68.0.3440.106 Safari/537.36"
0:0:0:0:0:0:0:1 - - [01/Oct/2018:17:09:58 +0800] "GET /testProj/index.jsp HTTP/1.1" 404 202 "-" "Mozilla/5.0 (Windows NT 6.1; WOW64) AppleWebKit/537.36 (KHTML, like Gecko) Chrome/68.0.3440.106 Safari/537.36"
0:0:0:0:0:0:0:1 - - [01/Oct/2018:17:10:12 +0800] "GET /testProj/sample.jssp HTTP/1.1" 200 17938 "http://localhost:8080/testProj/index.html" "Mozilla/5.0 (Windows NT 6.1; WOW64) AppleWebKit/537.36 (KHTML, like Gecko) Chrome/68.0.3440.106 Safari/537.36"
0:0:0:0:0:0:0:1 - - [01/Oct/2018:17:14:40 +0800] "GET /testProj/sample(2f)script(2f)file(2f)file(5f)main.jssp?im_from=sample&targetDirPath=sample%2Fjssp_rpc%2Fhello%2F HTTP/1.1" 200 4263 "http://localhost:8080/testProj/sample.jssp" "Mozilla/5.0 (Windows NT 6.1; WOW64) AppleWebKit/537.36 (KHTML, like Gecko) Chrome/68.0.3440.106 Safari/537.36"
0:0:0:0:0:0:0:1 - - [01/Oct/2018:17:14:40 +0800] "GET /testProj/sample/script/file/icons/back.gif HTTP/1.1" 200 216 "http://localhost:8080/testProj/sample(2f)script(2f)file(2f)file(5f)main.jssp?im_from=sample&targetDirPath=sample%2Fjssp_rpc%2Fhello%2F" "Mozilla/5.0 (Windows NT 6.1; WOW64) AppleWebKit/537.36 (KHTML, like Gecko) Chrome/68.0.3440.106 Safari/537.36"
0:0:0:0:0:0:0:1 - - [01/Oct/2018:17:14:40 +0800] "GET /testProj/sample/script/file/icons/folder.gif HTTP/1.1" 200 225 "http://localhost:8080/testProj/sample(2f)script(2f)file(2f)file(5f)main.jssp?im_from=sample&targetDirPath=sample%2Fjssp_rpc%2Fhello%2F" "Mozilla/5.0 (Windows NT 6.1; WOW64) AppleWebKit/537.36 (KHTML, like Gecko) Chrome/68.0.3440.106 Safari/537.36"
0:0:0:0:0:0:0:1 - - [01/Oct/2018:17:14:41 +0800] "GET /testProj/sample/script/file/icons/text.gif HTTP/1.1" 200 229 "http://localhost:8080/testProj/sample(2f)script(2f)file(2f)file(5f)main.jssp?im_from=sample&targetDirPath=sample%2Fjssp_rpc%2Fhello%2F" "Mozilla/5.0 (Windows NT 6.1; WOW64) AppleWebKit/537.36 (KHTML, like Gecko) Chrome/68.0.3440.106 Safari/537.36"
0:0:0:0:0:0:0:1 - - [01/Oct/2018:17:17:36 +0800] "GET /testProj/sample(2f)script(2f)file(2f)file(5f)main.jssp?im_from=sample&targetDirPath=sample%2Fjssp_rpc%2Fhello%2F HTTP/1.1" 200 4263 "http://localhost:8080/testProj/sample.jssp" "Mozilla/5.0 (Windows NT 6.1; WOW64) AppleWebKit/537.36 (KHTML, like Gecko) Chrome/68.0.3440.106 Safari/537.36"
0:0:0:0:0:0:0:1 - - [01/Oct/2018:17:19:40 +0800] "POST /testProj/sample(2f)script(2f)file(2f)file(5f)main.jssp?im_from=sample(2f)script(2f)file(2f)file(5f)main&im_event=sample(2f)script(2f)file(2f)file(5f)main&im_action=uploadAction HTTP/1.1" 200 1413 "http://localhost:8080/testProj/sample(2f)script(2f)file(2f)file(5f)main.jssp?im_from=sample&targetDirPath=sample%2Fjssp_rpc%2Fhello%2F" "Mozilla/5.0 (Windows NT 6.1; WOW64) AppleWebKit/537.36 (KHTML, like Gecko) Chrome/68.0.3440.106 Safari/537.36"
